{"level":"info","message":"Employee service running on port 3002","service":"employee-service","timestamp":"2025-09-12 13:46:58"}
{"level":"info","message":"Health check: http://localhost:3002/health","service":"employee-service","timestamp":"2025-09-12 13:46:58"}
{"code":"ERR_HTTP_HEADERS_SENT","level":"error","message":"Uncaught exception: Cannot set headers after they are sent to the client","service":"employee-service","stack":"Error [ERR_HTTP_HEADERS_SENT]: Cannot set headers after they are sent to the client\n    at ServerResponse.setHeader (node:_http_outgoing:700:11)\n    at ServerResponse.<anonymous> (/home/anisha/Desktop/Projects/hrms_fullstack/uptiqai-hrm-system/Human-Resource-Management-System/microservices/shared/src/middleware/request.ts:18:9)\n    at ServerResponse.emit (node:events:530:35)\n    at onFinish (node:_http_outgoing:1082:10)\n    at callback (node:internal/streams/writable:766:21)\n    at afterWrite (node:internal/streams/writable:710:5)\n    at afterWriteTick (node:internal/streams/writable:696:10)\n    at process.processTicksAndRejections (node:internal/process/task_queues:89:21)","timestamp":"2025-09-12 13:47:09"}
{"level":"info","message":"Employee service running on port 3002","service":"employee-service","timestamp":"2025-09-15 15:34:48"}
{"level":"info","message":"Health check: http://localhost:3002/health","service":"employee-service","timestamp":"2025-09-15 15:34:48"}
{"code":"ERR_HTTP_HEADERS_SENT","level":"error","message":"Uncaught exception: Cannot set headers after they are sent to the client","service":"employee-service","stack":"Error [ERR_HTTP_HEADERS_SENT]: Cannot set headers after they are sent to the client\n    at ServerResponse.setHeader (node:_http_outgoing:700:11)\n    at ServerResponse.<anonymous> (/home/anisha/Desktop/Projects/hrms_fullstack/uptiqai-hrm-system/Human-Resource-Management-System/microservices/shared/src/middleware/request.ts:18:9)\n    at ServerResponse.emit (node:events:530:35)\n    at onFinish (node:_http_outgoing:1082:10)\n    at callback (node:internal/streams/writable:766:21)\n    at afterWrite (node:internal/streams/writable:710:5)\n    at afterWriteTick (node:internal/streams/writable:696:10)\n    at process.processTicksAndRejections (node:internal/process/task_queues:89:21)","timestamp":"2025-09-15 15:35:02"}
{"level":"info","message":"Employee service running on port 3002","service":"employee-service","timestamp":"2025-09-15 15:44:15"}
{"level":"info","message":"Health check: http://localhost:3002/health","service":"employee-service","timestamp":"2025-09-15 15:44:15"}
{"code":"ERR_HTTP_HEADERS_SENT","level":"error","message":"Uncaught exception: Cannot set headers after they are sent to the client","service":"employee-service","stack":"Error [ERR_HTTP_HEADERS_SENT]: Cannot set headers after they are sent to the client\n    at ServerResponse.setHeader (node:_http_outgoing:700:11)\n    at ServerResponse.<anonymous> (/home/anisha/Desktop/Projects/hrms_fullstack/uptiqai-hrm-system/Human-Resource-Management-System/microservices/shared/src/middleware/request.ts:18:9)\n    at ServerResponse.emit (node:events:530:35)\n    at onFinish (node:_http_outgoing:1082:10)\n    at callback (node:internal/streams/writable:766:21)\n    at afterWrite (node:internal/streams/writable:710:5)\n    at afterWriteTick (node:internal/streams/writable:696:10)\n    at process.processTicksAndRejections (node:internal/process/task_queues:89:21)","timestamp":"2025-09-15 15:44:29"}
{"level":"info","message":"Employee service running on port 3002","service":"employee-service","timestamp":"2025-09-15 15:54:48"}
{"level":"info","message":"Health check: http://localhost:3002/health","service":"employee-service","timestamp":"2025-09-15 15:54:48"}
{"code":"ERR_HTTP_HEADERS_SENT","level":"error","message":"Uncaught exception: Cannot set headers after they are sent to the client","service":"employee-service","stack":"Error [ERR_HTTP_HEADERS_SENT]: Cannot set headers after they are sent to the client\n    at ServerResponse.setHeader (node:_http_outgoing:700:11)\n    at ServerResponse.<anonymous> (/home/anisha/Desktop/Projects/hrms_fullstack/uptiqai-hrm-system/Human-Resource-Management-System/microservices/shared/src/middleware/request.ts:18:9)\n    at ServerResponse.emit (node:events:530:35)\n    at onFinish (node:_http_outgoing:1082:10)\n    at callback (node:internal/streams/writable:766:21)\n    at afterWrite (node:internal/streams/writable:710:5)\n    at afterWriteTick (node:internal/streams/writable:696:10)\n    at process.processTicksAndRejections (node:internal/process/task_queues:89:21)","timestamp":"2025-09-15 15:54:53"}
{"level":"info","message":"Employee service running on port 3002","service":"employee-service","timestamp":"2025-09-15 15:55:11"}
{"level":"info","message":"Health check: http://localhost:3002/health","service":"employee-service","timestamp":"2025-09-15 15:55:11"}
{"level":"info","message":"SIGINT received. Starting graceful shutdown...","service":"employee-service","timestamp":"2025-09-15 15:55:14"}
{"level":"info","message":"Employee service running on port 3002","service":"employee-service","timestamp":"2025-09-15 15:55:19"}
{"level":"info","message":"Health check: http://localhost:3002/health","service":"employee-service","timestamp":"2025-09-15 15:55:19"}
{"code":"ERR_HTTP_HEADERS_SENT","level":"error","message":"Uncaught exception: Cannot set headers after they are sent to the client","service":"employee-service","stack":"Error [ERR_HTTP_HEADERS_SENT]: Cannot set headers after they are sent to the client\n    at ServerResponse.setHeader (node:_http_outgoing:700:11)\n    at ServerResponse.<anonymous> (/home/anisha/Desktop/Projects/hrms_fullstack/uptiqai-hrm-system/Human-Resource-Management-System/microservices/shared/src/middleware/request.ts:18:9)\n    at ServerResponse.emit (node:events:530:35)\n    at onFinish (node:_http_outgoing:1082:10)\n    at callback (node:internal/streams/writable:766:21)\n    at afterWrite (node:internal/streams/writable:710:5)\n    at afterWriteTick (node:internal/streams/writable:696:10)\n    at process.processTicksAndRejections (node:internal/process/task_queues:89:21)","timestamp":"2025-09-15 15:55:23"}
{"level":"info","message":"Employee service running on port 3002","service":"employee-service","timestamp":"2025-09-15 15:57:17"}
{"level":"info","message":"Health check: http://localhost:3002/health","service":"employee-service","timestamp":"2025-09-15 15:57:17"}
{"code":"ERR_HTTP_HEADERS_SENT","level":"error","message":"Uncaught exception: Cannot set headers after they are sent to the client","service":"employee-service","stack":"Error [ERR_HTTP_HEADERS_SENT]: Cannot set headers after they are sent to the client\n    at ServerResponse.setHeader (node:_http_outgoing:700:11)\n    at ServerResponse.<anonymous> (/home/anisha/Desktop/Projects/hrms_fullstack/uptiqai-hrm-system/Human-Resource-Management-System/microservices/shared/src/middleware/request.ts:18:9)\n    at ServerResponse.emit (node:events:530:35)\n    at onFinish (node:_http_outgoing:1082:10)\n    at callback (node:internal/streams/writable:766:21)\n    at afterWrite (node:internal/streams/writable:710:5)\n    at afterWriteTick (node:internal/streams/writable:696:10)\n    at process.processTicksAndRejections (node:internal/process/task_queues:89:21)","timestamp":"2025-09-15 16:00:27"}
{"level":"info","message":"Employee service running on port 3002","service":"employee-service","timestamp":"2025-09-15 16:11:06"}
{"level":"info","message":"Health check: http://localhost:3002/health","service":"employee-service","timestamp":"2025-09-15 16:11:06"}
{"level":"info","message":"SIGTERM received. Starting graceful shutdown...","service":"employee-service","timestamp":"2025-09-15 16:12:03"}
{"level":"info","message":"Employee service running on port 3002","service":"employee-service","timestamp":"2025-09-15 16:12:05"}
{"level":"info","message":"Health check: http://localhost:3002/health","service":"employee-service","timestamp":"2025-09-15 16:12:05"}
{"level":"info","message":"Employee service running on port 3002","service":"employee-service","timestamp":"2025-09-15 16:30:13"}
{"level":"info","message":"Health check: http://localhost:3002/health","service":"employee-service","timestamp":"2025-09-15 16:30:13"}
{"level":"info","message":"SIGINT received. Starting graceful shutdown...","service":"employee-service","timestamp":"2025-09-15 16:32:17"}
{"level":"info","message":"Employee service running on port 3002","service":"employee-service","timestamp":"2025-09-18 11:44:47"}
{"level":"info","message":"Health check: http://localhost:3002/health","service":"employee-service","timestamp":"2025-09-18 11:44:47"}
